Created by PLY version 3.11 (http://www.dabeaz.com/ply)

Grammar

Rule 0     S' -> expression
Rule 1     expression -> START CURL_L NUMBER COMMA NUMBER CURL_R
Rule 2     expression -> IDENTIFIER PERIOD
Rule 3     expression -> CHECK
Rule 4     expression -> LABEL CURL_L NUMBER COMMA NUMBER COMMA NUMBER CURL_R
Rule 5     expression -> UPDATE LABEL CURL_L NUMBER COMMA NUMBER COMMA NUMBER CURL_R
Rule 6     expression -> BUTTON CURL_L NUMBER COMMA NUMBER COMMA NUMBER COMMA NUMBER CURL_R
Rule 7     expression -> OVAL CURL_L NUMBER COMMA NUMBER COMMA NUMBER COMMA NUMBER CURL_R
Rule 8     expression -> SQUARE CURL_L NUMBER COMMA NUMBER COMMA NUMBER COMMA NUMBER CURL_R
Rule 9     expression -> RESET
Rule 10    expression -> LINE CURL_L NUMBER COMMA NUMBER COMMA NUMBER COMMA NUMBER CURL_R
Rule 11    expression -> UPDATE OVAL CURL_L NUMBER COMMA NUMBER COMMA NUMBER COMMA NUMBER CURL_R
Rule 12    expression -> UPDATE LINE CURL_L NUMBER COMMA NUMBER COMMA NUMBER COMMA NUMBER CURL_R
Rule 13    expression -> UPDATE SQUARE CURL_L NUMBER COMMA NUMBER COMMA NUMBER COMMA NUMBER CURL_R
Rule 14    expression -> BACKGROUND

Terminals, with rules where they appear

BACKGROUND           : 14
BUTTON               : 6
CHECK                : 3
COMMA                : 1 4 4 5 5 6 6 6 7 7 7 8 8 8 10 10 10 11 11 11 12 12 12 13 13 13
CURL_L               : 1 4 5 6 7 8 10 11 12 13
CURL_R               : 1 4 5 6 7 8 10 11 12 13
IDENTIFIER           : 2
LABEL                : 4 5
LINE                 : 10 12
NUMBER               : 1 1 4 4 4 5 5 5 6 6 6 6 7 7 7 7 8 8 8 8 10 10 10 10 11 11 11 11 12 12 12 12 13 13 13 13
OVAL                 : 7 11
PERIOD               : 2
RESET                : 9
SQUARE               : 8 13
START                : 1
UPDATE               : 5 11 12 13
error                : 

Nonterminals, with rules where they appear

expression           : 0

Parsing method: LALR

state 0

    (0) S' -> . expression
    (1) expression -> . START CURL_L NUMBER COMMA NUMBER CURL_R
    (2) expression -> . IDENTIFIER PERIOD
    (3) expression -> . CHECK
    (4) expression -> . LABEL CURL_L NUMBER COMMA NUMBER COMMA NUMBER CURL_R
    (5) expression -> . UPDATE LABEL CURL_L NUMBER COMMA NUMBER COMMA NUMBER CURL_R
    (6) expression -> . BUTTON CURL_L NUMBER COMMA NUMBER COMMA NUMBER COMMA NUMBER CURL_R
    (7) expression -> . OVAL CURL_L NUMBER COMMA NUMBER COMMA NUMBER COMMA NUMBER CURL_R
    (8) expression -> . SQUARE CURL_L NUMBER COMMA NUMBER COMMA NUMBER COMMA NUMBER CURL_R
    (9) expression -> . RESET
    (10) expression -> . LINE CURL_L NUMBER COMMA NUMBER COMMA NUMBER COMMA NUMBER CURL_R
    (11) expression -> . UPDATE OVAL CURL_L NUMBER COMMA NUMBER COMMA NUMBER COMMA NUMBER CURL_R
    (12) expression -> . UPDATE LINE CURL_L NUMBER COMMA NUMBER COMMA NUMBER COMMA NUMBER CURL_R
    (13) expression -> . UPDATE SQUARE CURL_L NUMBER COMMA NUMBER COMMA NUMBER COMMA NUMBER CURL_R
    (14) expression -> . BACKGROUND

    START           shift and go to state 2
    IDENTIFIER      shift and go to state 3
    CHECK           shift and go to state 4
    LABEL           shift and go to state 5
    UPDATE          shift and go to state 6
    BUTTON          shift and go to state 7
    OVAL            shift and go to state 8
    SQUARE          shift and go to state 9
    RESET           shift and go to state 10
    LINE            shift and go to state 11
    BACKGROUND      shift and go to state 12

    expression                     shift and go to state 1

state 1

    (0) S' -> expression .



state 2

    (1) expression -> START . CURL_L NUMBER COMMA NUMBER CURL_R

    CURL_L          shift and go to state 13


state 3

    (2) expression -> IDENTIFIER . PERIOD

    PERIOD          shift and go to state 14


state 4

    (3) expression -> CHECK .

    $end            reduce using rule 3 (expression -> CHECK .)


state 5

    (4) expression -> LABEL . CURL_L NUMBER COMMA NUMBER COMMA NUMBER CURL_R

    CURL_L          shift and go to state 15


state 6

    (5) expression -> UPDATE . LABEL CURL_L NUMBER COMMA NUMBER COMMA NUMBER CURL_R
    (11) expression -> UPDATE . OVAL CURL_L NUMBER COMMA NUMBER COMMA NUMBER COMMA NUMBER CURL_R
    (12) expression -> UPDATE . LINE CURL_L NUMBER COMMA NUMBER COMMA NUMBER COMMA NUMBER CURL_R
    (13) expression -> UPDATE . SQUARE CURL_L NUMBER COMMA NUMBER COMMA NUMBER COMMA NUMBER CURL_R

    LABEL           shift and go to state 16
    OVAL            shift and go to state 17
    LINE            shift and go to state 18
    SQUARE          shift and go to state 19


state 7

    (6) expression -> BUTTON . CURL_L NUMBER COMMA NUMBER COMMA NUMBER COMMA NUMBER CURL_R

    CURL_L          shift and go to state 20


state 8

    (7) expression -> OVAL . CURL_L NUMBER COMMA NUMBER COMMA NUMBER COMMA NUMBER CURL_R

    CURL_L          shift and go to state 21


state 9

    (8) expression -> SQUARE . CURL_L NUMBER COMMA NUMBER COMMA NUMBER COMMA NUMBER CURL_R

    CURL_L          shift and go to state 22


state 10

    (9) expression -> RESET .

    $end            reduce using rule 9 (expression -> RESET .)


state 11

    (10) expression -> LINE . CURL_L NUMBER COMMA NUMBER COMMA NUMBER COMMA NUMBER CURL_R

    CURL_L          shift and go to state 23


state 12

    (14) expression -> BACKGROUND .

    $end            reduce using rule 14 (expression -> BACKGROUND .)


state 13

    (1) expression -> START CURL_L . NUMBER COMMA NUMBER CURL_R

    NUMBER          shift and go to state 24


state 14

    (2) expression -> IDENTIFIER PERIOD .

    $end            reduce using rule 2 (expression -> IDENTIFIER PERIOD .)


state 15

    (4) expression -> LABEL CURL_L . NUMBER COMMA NUMBER COMMA NUMBER CURL_R

    NUMBER          shift and go to state 25


state 16

    (5) expression -> UPDATE LABEL . CURL_L NUMBER COMMA NUMBER COMMA NUMBER CURL_R

    CURL_L          shift and go to state 26


state 17

    (11) expression -> UPDATE OVAL . CURL_L NUMBER COMMA NUMBER COMMA NUMBER COMMA NUMBER CURL_R

    CURL_L          shift and go to state 27


state 18

    (12) expression -> UPDATE LINE . CURL_L NUMBER COMMA NUMBER COMMA NUMBER COMMA NUMBER CURL_R

    CURL_L          shift and go to state 28


state 19

    (13) expression -> UPDATE SQUARE . CURL_L NUMBER COMMA NUMBER COMMA NUMBER COMMA NUMBER CURL_R

    CURL_L          shift and go to state 29


state 20

    (6) expression -> BUTTON CURL_L . NUMBER COMMA NUMBER COMMA NUMBER COMMA NUMBER CURL_R

    NUMBER          shift and go to state 30


state 21

    (7) expression -> OVAL CURL_L . NUMBER COMMA NUMBER COMMA NUMBER COMMA NUMBER CURL_R

    NUMBER          shift and go to state 31


state 22

    (8) expression -> SQUARE CURL_L . NUMBER COMMA NUMBER COMMA NUMBER COMMA NUMBER CURL_R

    NUMBER          shift and go to state 32


state 23

    (10) expression -> LINE CURL_L . NUMBER COMMA NUMBER COMMA NUMBER COMMA NUMBER CURL_R

    NUMBER          shift and go to state 33


state 24

    (1) expression -> START CURL_L NUMBER . COMMA NUMBER CURL_R

    COMMA           shift and go to state 34


state 25

    (4) expression -> LABEL CURL_L NUMBER . COMMA NUMBER COMMA NUMBER CURL_R

    COMMA           shift and go to state 35


state 26

    (5) expression -> UPDATE LABEL CURL_L . NUMBER COMMA NUMBER COMMA NUMBER CURL_R

    NUMBER          shift and go to state 36


state 27

    (11) expression -> UPDATE OVAL CURL_L . NUMBER COMMA NUMBER COMMA NUMBER COMMA NUMBER CURL_R

    NUMBER          shift and go to state 37


state 28

    (12) expression -> UPDATE LINE CURL_L . NUMBER COMMA NUMBER COMMA NUMBER COMMA NUMBER CURL_R

    NUMBER          shift and go to state 38


state 29

    (13) expression -> UPDATE SQUARE CURL_L . NUMBER COMMA NUMBER COMMA NUMBER COMMA NUMBER CURL_R

    NUMBER          shift and go to state 39


state 30

    (6) expression -> BUTTON CURL_L NUMBER . COMMA NUMBER COMMA NUMBER COMMA NUMBER CURL_R

    COMMA           shift and go to state 40


state 31

    (7) expression -> OVAL CURL_L NUMBER . COMMA NUMBER COMMA NUMBER COMMA NUMBER CURL_R

    COMMA           shift and go to state 41


state 32

    (8) expression -> SQUARE CURL_L NUMBER . COMMA NUMBER COMMA NUMBER COMMA NUMBER CURL_R

    COMMA           shift and go to state 42


state 33

    (10) expression -> LINE CURL_L NUMBER . COMMA NUMBER COMMA NUMBER COMMA NUMBER CURL_R

    COMMA           shift and go to state 43


state 34

    (1) expression -> START CURL_L NUMBER COMMA . NUMBER CURL_R

    NUMBER          shift and go to state 44


state 35

    (4) expression -> LABEL CURL_L NUMBER COMMA . NUMBER COMMA NUMBER CURL_R

    NUMBER          shift and go to state 45


state 36

    (5) expression -> UPDATE LABEL CURL_L NUMBER . COMMA NUMBER COMMA NUMBER CURL_R

    COMMA           shift and go to state 46


state 37

    (11) expression -> UPDATE OVAL CURL_L NUMBER . COMMA NUMBER COMMA NUMBER COMMA NUMBER CURL_R

    COMMA           shift and go to state 47


state 38

    (12) expression -> UPDATE LINE CURL_L NUMBER . COMMA NUMBER COMMA NUMBER COMMA NUMBER CURL_R

    COMMA           shift and go to state 48


state 39

    (13) expression -> UPDATE SQUARE CURL_L NUMBER . COMMA NUMBER COMMA NUMBER COMMA NUMBER CURL_R

    COMMA           shift and go to state 49


state 40

    (6) expression -> BUTTON CURL_L NUMBER COMMA . NUMBER COMMA NUMBER COMMA NUMBER CURL_R

    NUMBER          shift and go to state 50


state 41

    (7) expression -> OVAL CURL_L NUMBER COMMA . NUMBER COMMA NUMBER COMMA NUMBER CURL_R

    NUMBER          shift and go to state 51


state 42

    (8) expression -> SQUARE CURL_L NUMBER COMMA . NUMBER COMMA NUMBER COMMA NUMBER CURL_R

    NUMBER          shift and go to state 52


state 43

    (10) expression -> LINE CURL_L NUMBER COMMA . NUMBER COMMA NUMBER COMMA NUMBER CURL_R

    NUMBER          shift and go to state 53


state 44

    (1) expression -> START CURL_L NUMBER COMMA NUMBER . CURL_R

    CURL_R          shift and go to state 54


state 45

    (4) expression -> LABEL CURL_L NUMBER COMMA NUMBER . COMMA NUMBER CURL_R

    COMMA           shift and go to state 55


state 46

    (5) expression -> UPDATE LABEL CURL_L NUMBER COMMA . NUMBER COMMA NUMBER CURL_R

    NUMBER          shift and go to state 56


state 47

    (11) expression -> UPDATE OVAL CURL_L NUMBER COMMA . NUMBER COMMA NUMBER COMMA NUMBER CURL_R

    NUMBER          shift and go to state 57


state 48

    (12) expression -> UPDATE LINE CURL_L NUMBER COMMA . NUMBER COMMA NUMBER COMMA NUMBER CURL_R

    NUMBER          shift and go to state 58


state 49

    (13) expression -> UPDATE SQUARE CURL_L NUMBER COMMA . NUMBER COMMA NUMBER COMMA NUMBER CURL_R

    NUMBER          shift and go to state 59


state 50

    (6) expression -> BUTTON CURL_L NUMBER COMMA NUMBER . COMMA NUMBER COMMA NUMBER CURL_R

    COMMA           shift and go to state 60


state 51

    (7) expression -> OVAL CURL_L NUMBER COMMA NUMBER . COMMA NUMBER COMMA NUMBER CURL_R

    COMMA           shift and go to state 61


state 52

    (8) expression -> SQUARE CURL_L NUMBER COMMA NUMBER . COMMA NUMBER COMMA NUMBER CURL_R

    COMMA           shift and go to state 62


state 53

    (10) expression -> LINE CURL_L NUMBER COMMA NUMBER . COMMA NUMBER COMMA NUMBER CURL_R

    COMMA           shift and go to state 63


state 54

    (1) expression -> START CURL_L NUMBER COMMA NUMBER CURL_R .

    $end            reduce using rule 1 (expression -> START CURL_L NUMBER COMMA NUMBER CURL_R .)


state 55

    (4) expression -> LABEL CURL_L NUMBER COMMA NUMBER COMMA . NUMBER CURL_R

    NUMBER          shift and go to state 64


state 56

    (5) expression -> UPDATE LABEL CURL_L NUMBER COMMA NUMBER . COMMA NUMBER CURL_R

    COMMA           shift and go to state 65


state 57

    (11) expression -> UPDATE OVAL CURL_L NUMBER COMMA NUMBER . COMMA NUMBER COMMA NUMBER CURL_R

    COMMA           shift and go to state 66


state 58

    (12) expression -> UPDATE LINE CURL_L NUMBER COMMA NUMBER . COMMA NUMBER COMMA NUMBER CURL_R

    COMMA           shift and go to state 67


state 59

    (13) expression -> UPDATE SQUARE CURL_L NUMBER COMMA NUMBER . COMMA NUMBER COMMA NUMBER CURL_R

    COMMA           shift and go to state 68


state 60

    (6) expression -> BUTTON CURL_L NUMBER COMMA NUMBER COMMA . NUMBER COMMA NUMBER CURL_R

    NUMBER          shift and go to state 69


state 61

    (7) expression -> OVAL CURL_L NUMBER COMMA NUMBER COMMA . NUMBER COMMA NUMBER CURL_R

    NUMBER          shift and go to state 70


state 62

    (8) expression -> SQUARE CURL_L NUMBER COMMA NUMBER COMMA . NUMBER COMMA NUMBER CURL_R

    NUMBER          shift and go to state 71


state 63

    (10) expression -> LINE CURL_L NUMBER COMMA NUMBER COMMA . NUMBER COMMA NUMBER CURL_R

    NUMBER          shift and go to state 72


state 64

    (4) expression -> LABEL CURL_L NUMBER COMMA NUMBER COMMA NUMBER . CURL_R

    CURL_R          shift and go to state 73


state 65

    (5) expression -> UPDATE LABEL CURL_L NUMBER COMMA NUMBER COMMA . NUMBER CURL_R

    NUMBER          shift and go to state 74


state 66

    (11) expression -> UPDATE OVAL CURL_L NUMBER COMMA NUMBER COMMA . NUMBER COMMA NUMBER CURL_R

    NUMBER          shift and go to state 75


state 67

    (12) expression -> UPDATE LINE CURL_L NUMBER COMMA NUMBER COMMA . NUMBER COMMA NUMBER CURL_R

    NUMBER          shift and go to state 76


state 68

    (13) expression -> UPDATE SQUARE CURL_L NUMBER COMMA NUMBER COMMA . NUMBER COMMA NUMBER CURL_R

    NUMBER          shift and go to state 77


state 69

    (6) expression -> BUTTON CURL_L NUMBER COMMA NUMBER COMMA NUMBER . COMMA NUMBER CURL_R

    COMMA           shift and go to state 78


state 70

    (7) expression -> OVAL CURL_L NUMBER COMMA NUMBER COMMA NUMBER . COMMA NUMBER CURL_R

    COMMA           shift and go to state 79


state 71

    (8) expression -> SQUARE CURL_L NUMBER COMMA NUMBER COMMA NUMBER . COMMA NUMBER CURL_R

    COMMA           shift and go to state 80


state 72

    (10) expression -> LINE CURL_L NUMBER COMMA NUMBER COMMA NUMBER . COMMA NUMBER CURL_R

    COMMA           shift and go to state 81


state 73

    (4) expression -> LABEL CURL_L NUMBER COMMA NUMBER COMMA NUMBER CURL_R .

    $end            reduce using rule 4 (expression -> LABEL CURL_L NUMBER COMMA NUMBER COMMA NUMBER CURL_R .)


state 74

    (5) expression -> UPDATE LABEL CURL_L NUMBER COMMA NUMBER COMMA NUMBER . CURL_R

    CURL_R          shift and go to state 82


state 75

    (11) expression -> UPDATE OVAL CURL_L NUMBER COMMA NUMBER COMMA NUMBER . COMMA NUMBER CURL_R

    COMMA           shift and go to state 83


state 76

    (12) expression -> UPDATE LINE CURL_L NUMBER COMMA NUMBER COMMA NUMBER . COMMA NUMBER CURL_R

    COMMA           shift and go to state 84


state 77

    (13) expression -> UPDATE SQUARE CURL_L NUMBER COMMA NUMBER COMMA NUMBER . COMMA NUMBER CURL_R

    COMMA           shift and go to state 85


state 78

    (6) expression -> BUTTON CURL_L NUMBER COMMA NUMBER COMMA NUMBER COMMA . NUMBER CURL_R

    NUMBER          shift and go to state 86


state 79

    (7) expression -> OVAL CURL_L NUMBER COMMA NUMBER COMMA NUMBER COMMA . NUMBER CURL_R

    NUMBER          shift and go to state 87


state 80

    (8) expression -> SQUARE CURL_L NUMBER COMMA NUMBER COMMA NUMBER COMMA . NUMBER CURL_R

    NUMBER          shift and go to state 88


state 81

    (10) expression -> LINE CURL_L NUMBER COMMA NUMBER COMMA NUMBER COMMA . NUMBER CURL_R

    NUMBER          shift and go to state 89


state 82

    (5) expression -> UPDATE LABEL CURL_L NUMBER COMMA NUMBER COMMA NUMBER CURL_R .

    $end            reduce using rule 5 (expression -> UPDATE LABEL CURL_L NUMBER COMMA NUMBER COMMA NUMBER CURL_R .)


state 83

    (11) expression -> UPDATE OVAL CURL_L NUMBER COMMA NUMBER COMMA NUMBER COMMA . NUMBER CURL_R

    NUMBER          shift and go to state 90


state 84

    (12) expression -> UPDATE LINE CURL_L NUMBER COMMA NUMBER COMMA NUMBER COMMA . NUMBER CURL_R

    NUMBER          shift and go to state 91


state 85

    (13) expression -> UPDATE SQUARE CURL_L NUMBER COMMA NUMBER COMMA NUMBER COMMA . NUMBER CURL_R

    NUMBER          shift and go to state 92


state 86

    (6) expression -> BUTTON CURL_L NUMBER COMMA NUMBER COMMA NUMBER COMMA NUMBER . CURL_R

    CURL_R          shift and go to state 93


state 87

    (7) expression -> OVAL CURL_L NUMBER COMMA NUMBER COMMA NUMBER COMMA NUMBER . CURL_R

    CURL_R          shift and go to state 94


state 88

    (8) expression -> SQUARE CURL_L NUMBER COMMA NUMBER COMMA NUMBER COMMA NUMBER . CURL_R

    CURL_R          shift and go to state 95


state 89

    (10) expression -> LINE CURL_L NUMBER COMMA NUMBER COMMA NUMBER COMMA NUMBER . CURL_R

    CURL_R          shift and go to state 96


state 90

    (11) expression -> UPDATE OVAL CURL_L NUMBER COMMA NUMBER COMMA NUMBER COMMA NUMBER . CURL_R

    CURL_R          shift and go to state 97


state 91

    (12) expression -> UPDATE LINE CURL_L NUMBER COMMA NUMBER COMMA NUMBER COMMA NUMBER . CURL_R

    CURL_R          shift and go to state 98


state 92

    (13) expression -> UPDATE SQUARE CURL_L NUMBER COMMA NUMBER COMMA NUMBER COMMA NUMBER . CURL_R

    CURL_R          shift and go to state 99


state 93

    (6) expression -> BUTTON CURL_L NUMBER COMMA NUMBER COMMA NUMBER COMMA NUMBER CURL_R .

    $end            reduce using rule 6 (expression -> BUTTON CURL_L NUMBER COMMA NUMBER COMMA NUMBER COMMA NUMBER CURL_R .)


state 94

    (7) expression -> OVAL CURL_L NUMBER COMMA NUMBER COMMA NUMBER COMMA NUMBER CURL_R .

    $end            reduce using rule 7 (expression -> OVAL CURL_L NUMBER COMMA NUMBER COMMA NUMBER COMMA NUMBER CURL_R .)


state 95

    (8) expression -> SQUARE CURL_L NUMBER COMMA NUMBER COMMA NUMBER COMMA NUMBER CURL_R .

    $end            reduce using rule 8 (expression -> SQUARE CURL_L NUMBER COMMA NUMBER COMMA NUMBER COMMA NUMBER CURL_R .)


state 96

    (10) expression -> LINE CURL_L NUMBER COMMA NUMBER COMMA NUMBER COMMA NUMBER CURL_R .

    $end            reduce using rule 10 (expression -> LINE CURL_L NUMBER COMMA NUMBER COMMA NUMBER COMMA NUMBER CURL_R .)


state 97

    (11) expression -> UPDATE OVAL CURL_L NUMBER COMMA NUMBER COMMA NUMBER COMMA NUMBER CURL_R .

    $end            reduce using rule 11 (expression -> UPDATE OVAL CURL_L NUMBER COMMA NUMBER COMMA NUMBER COMMA NUMBER CURL_R .)


state 98

    (12) expression -> UPDATE LINE CURL_L NUMBER COMMA NUMBER COMMA NUMBER COMMA NUMBER CURL_R .

    $end            reduce using rule 12 (expression -> UPDATE LINE CURL_L NUMBER COMMA NUMBER COMMA NUMBER COMMA NUMBER CURL_R .)


state 99

    (13) expression -> UPDATE SQUARE CURL_L NUMBER COMMA NUMBER COMMA NUMBER COMMA NUMBER CURL_R .

    $end            reduce using rule 13 (expression -> UPDATE SQUARE CURL_L NUMBER COMMA NUMBER COMMA NUMBER COMMA NUMBER CURL_R .)

